Build started 10/10/2012 4:53:13 PM.
     1>Project "C:\Users\Kendall Townsend\Desktop\Towsend_KendallProject5_2\Towsend_KendallProject5_2.vcxproj" on node 2 (build target(s)).
     1>InitializeBuildStatus:
         Creating "Debug\Towsend_KendallProject5_2.unsuccessfulbuild" because "AlwaysCreate" was specified.
       ClCompile:
         C:\Program Files (x86)\Microsoft Visual Studio 10.0\VC\bin\CL.exe /c /Zi /nologo /W3 /WX- /Od /Oy- /D WIN32 /D _DEBUG /D _CONSOLE /D _UNICODE /D UNICODE /Gm /EHsc /RTC1 /MDd /GS /fp:precise /Zc:wchar_t /Zc:forScope /Fo"Debug\\" /Fd"Debug\vc100.pdb" /Gd /TP /analyze- /errorReport:prompt problem2.cpp
         problem2.cpp
     1>problem2.cpp(24): warning C4996: 'ctime': This function or variable may be unsafe. Consider using ctime_s instead. To disable deprecation, use _CRT_SECURE_NO_WARNINGS. See online help for details.
                 C:\Program Files (x86)\Microsoft Visual Studio 10.0\VC\include\time.inl(86) : see declaration of 'ctime'
       ManifestResourceCompile:
         All outputs are up-to-date.
       Link:
         C:\Program Files (x86)\Microsoft Visual Studio 10.0\VC\bin\link.exe /ERRORREPORT:PROMPT /OUT:"C:\Users\Kendall Townsend\Desktop\Towsend_KendallProject5_2\Debug\Towsend_KendallProject5_2.exe" /INCREMENTAL /NOLOGO kernel32.lib user32.lib gdi32.lib winspool.lib comdlg32.lib advapi32.lib shell32.lib ole32.lib oleaut32.lib uuid.lib odbc32.lib odbccp32.lib /MANIFEST /ManifestFile:"Debug\Towsend_KendallProject5_2.exe.intermediate.manifest" /MANIFESTUAC:"level='asInvoker' uiAccess='false'" /DEBUG /PDB:"C:\Users\Kendall Townsend\Desktop\Towsend_KendallProject5_2\Debug\Towsend_KendallProject5_2.pdb" /SUBSYSTEM:CONSOLE /TLBID:1 /DYNAMICBASE /NXCOMPAT /IMPLIB:"C:\Users\Kendall Townsend\Desktop\Towsend_KendallProject5_2\Debug\Towsend_KendallProject5_2.lib" /MACHINE:X86 Debug\Towsend_KendallProject5_2.exe.embed.manifest.res
         Debug\problem2.obj
       Manifest:
         C:\Program Files (x86)\Microsoft SDKs\Windows\v7.0A\bin\mt.exe /nologo /verbose /out:"Debug\Towsend_KendallProject5_2.exe.embed.manifest" /manifest Debug\Towsend_KendallProject5_2.exe.intermediate.manifest
         All outputs are up-to-date.
       LinkEmbedManifest:
         All outputs are up-to-date.
         Towsend_KendallProject5_2.vcxproj -> C:\Users\Kendall Townsend\Desktop\Towsend_KendallProject5_2\Debug\Towsend_KendallProject5_2.exe
       FinalizeBuildStatus:
         Deleting file "Debug\Towsend_KendallProject5_2.unsuccessfulbuild".
         Touching "Debug\Towsend_KendallProject5_2.lastbuildstate".
     1>Done Building Project "C:\Users\Kendall Townsend\Desktop\Towsend_KendallProject5_2\Towsend_KendallProject5_2.vcxproj" (build target(s)).

Build succeeded.

Time Elapsed 00:00:03.80
