Build started 10/24/2012 9:10:28 PM.
     1>Project "C:\Users\Kendall Townsend\Desktop\Townsend_Kendall7_1\Townsend_Kendall7_1.vcxproj" on node 2 (build target(s)).
     1>InitializeBuildStatus:
         Creating "Debug\Townsend_Kendall7_1.unsuccessfulbuild" because "AlwaysCreate" was specified.
       ClCompile:
         C:\Program Files (x86)\Microsoft Visual Studio 10.0\VC\bin\CL.exe /c /ZI /nologo /W3 /WX- /Od /Oy- /D WIN32 /D _DEBUG /D _CONSOLE /D _UNICODE /D UNICODE /Gm /EHsc /RTC1 /MDd /GS /fp:precise /Zc:wchar_t /Zc:forScope /Fo"Debug\\" /Fd"Debug\vc100.pdb" /Gd /TP /analyze- /errorReport:prompt "Problem 1.cpp"
         Problem 1.cpp
     1>c:\users\kendall townsend\desktop\townsend_kendall7_1\problem 1.cpp(25): warning C4996: 'ctime': This function or variable may be unsafe. Consider using ctime_s instead. To disable deprecation, use _CRT_SECURE_NO_WARNINGS. See online help for details.
                 c:\program files (x86)\microsoft visual studio 10.0\vc\include\time.inl(86) : see declaration of 'ctime'
       ManifestResourceCompile:
         All outputs are up-to-date.
       Link:
         C:\Program Files (x86)\Microsoft Visual Studio 10.0\VC\bin\link.exe /ERRORREPORT:PROMPT /OUT:"C:\Users\Kendall Townsend\Desktop\Townsend_Kendall7_1\Debug\Townsend_Kendall7_1.exe" /INCREMENTAL /NOLOGO kernel32.lib user32.lib gdi32.lib winspool.lib comdlg32.lib advapi32.lib shell32.lib ole32.lib oleaut32.lib uuid.lib odbc32.lib odbccp32.lib /MANIFEST /ManifestFile:"Debug\Townsend_Kendall7_1.exe.intermediate.manifest" /MANIFESTUAC:"level='asInvoker' uiAccess='false'" /DEBUG /PDB:"C:\Users\Kendall Townsend\Desktop\Townsend_Kendall7_1\Debug\Townsend_Kendall7_1.pdb" /SUBSYSTEM:CONSOLE /TLBID:1 /DYNAMICBASE /NXCOMPAT /IMPLIB:"C:\Users\Kendall Townsend\Desktop\Townsend_Kendall7_1\Debug\Townsend_Kendall7_1.lib" /MACHINE:X86 Debug\Townsend_Kendall7_1.exe.embed.manifest.res
         "Debug\Problem 1.obj"
       Manifest:
         C:\Program Files (x86)\Microsoft SDKs\Windows\v7.0A\bin\mt.exe /nologo /verbose /out:"Debug\Townsend_Kendall7_1.exe.embed.manifest" /manifest Debug\Townsend_Kendall7_1.exe.intermediate.manifest
         All outputs are up-to-date.
       LinkEmbedManifest:
         All outputs are up-to-date.
         Townsend_Kendall7_1.vcxproj -> C:\Users\Kendall Townsend\Desktop\Townsend_Kendall7_1\Debug\Townsend_Kendall7_1.exe
       FinalizeBuildStatus:
         Deleting file "Debug\Townsend_Kendall7_1.unsuccessfulbuild".
         Touching "Debug\Townsend_Kendall7_1.lastbuildstate".
     1>Done Building Project "C:\Users\Kendall Townsend\Desktop\Townsend_Kendall7_1\Townsend_Kendall7_1.vcxproj" (build target(s)).

Build succeeded.

Time Elapsed 00:00:03.54
