Build started 3/5/2012 3:36:51 PM.
     1>Project "C:\Users\Kendall Townsend\Desktop\Townsend_KendallHW02\Townsend_KendallHW02.vcxproj" on node 2 (build target(s)).
     1>InitializeBuildStatus:
         Creating "Debug\Townsend_KendallHW02.unsuccessfulbuild" because "AlwaysCreate" was specified.
       ClCompile:
         C:\Program Files (x86)\Microsoft Visual Studio 10.0\VC\bin\CL.exe /c /ZI /nologo /W3 /WX- /Od /Oy- /D WIN32 /D _DEBUG /D _CONSOLE /D _UNICODE /D UNICODE /Gm /EHsc /RTC1 /MDd /GS /fp:precise /Zc:wchar_t /Zc:forScope /Fo"Debug\\" /Fd"Debug\vc100.pdb" /Gd /TP /analyze- /errorReport:prompt Townsend_KendallHW02.cpp
         Townsend_KendallHW02.cpp
     1>c:\users\kendall townsend\desktop\townsend_kendallhw02\townsend_kendallhw02.cpp(105): warning C4996: 'localtime': This function or variable may be unsafe. Consider using localtime_s instead. To disable deprecation, use _CRT_SECURE_NO_WARNINGS. See online help for details.
                 c:\program files (x86)\microsoft visual studio 10.0\vc\include\time.inl(112) : see declaration of 'localtime'
     1>c:\users\kendall townsend\desktop\townsend_kendallhw02\townsend_kendallhw02.cpp(107): warning C4996: 'asctime': This function or variable may be unsafe. Consider using asctime_s instead. To disable deprecation, use _CRT_SECURE_NO_WARNINGS. See online help for details.
                 c:\program files (x86)\microsoft visual studio 10.0\vc\include\time.h(153) : see declaration of 'asctime'
       ManifestResourceCompile:
         All outputs are up-to-date.
       Link:
         C:\Program Files (x86)\Microsoft Visual Studio 10.0\VC\bin\link.exe /ERRORREPORT:PROMPT /OUT:"C:\Users\Kendall Townsend\Desktop\Townsend_KendallHW02\Debug\Townsend_KendallHW02.exe" /INCREMENTAL /NOLOGO kernel32.lib user32.lib gdi32.lib winspool.lib comdlg32.lib advapi32.lib shell32.lib ole32.lib oleaut32.lib uuid.lib odbc32.lib odbccp32.lib /MANIFEST /ManifestFile:"Debug\Townsend_KendallHW02.exe.intermediate.manifest" /MANIFESTUAC:"level='asInvoker' uiAccess='false'" /DEBUG /PDB:"C:\Users\Kendall Townsend\Desktop\Townsend_KendallHW02\Debug\Townsend_KendallHW02.pdb" /SUBSYSTEM:CONSOLE /TLBID:1 /DYNAMICBASE /NXCOMPAT /IMPLIB:"C:\Users\Kendall Townsend\Desktop\Townsend_KendallHW02\Debug\Townsend_KendallHW02.lib" /MACHINE:X86 Debug\Townsend_KendallHW02.exe.embed.manifest.res
         Debug\Townsend_KendallHW02.obj
       Manifest:
         C:\Program Files (x86)\Microsoft SDKs\Windows\v7.0A\bin\mt.exe /nologo /verbose /out:"Debug\Townsend_KendallHW02.exe.embed.manifest" /manifest Debug\Townsend_KendallHW02.exe.intermediate.manifest
         All outputs are up-to-date.
       LinkEmbedManifest:
         All outputs are up-to-date.
         Townsend_KendallHW02.vcxproj -> C:\Users\Kendall Townsend\Desktop\Townsend_KendallHW02\Debug\Townsend_KendallHW02.exe
       FinalizeBuildStatus:
         Deleting file "Debug\Townsend_KendallHW02.unsuccessfulbuild".
         Touching "Debug\Townsend_KendallHW02.lastbuildstate".
     1>Done Building Project "C:\Users\Kendall Townsend\Desktop\Townsend_KendallHW02\Townsend_KendallHW02.vcxproj" (build target(s)).

Build succeeded.

Time Elapsed 00:00:02.83
