Build started 5/10/2012 10:49:03 AM.
     1>Project "C:\Users\Kendall Townsend\Desktop\Townsend_KendallHw07\Townsend_KendallHw07.vcxproj" on node 2 (build target(s)).
     1>InitializeBuildStatus:
         Creating "Debug\Townsend_KendallHw07.unsuccessfulbuild" because "AlwaysCreate" was specified.
       ClCompile:
         C:\Program Files (x86)\Microsoft Visual Studio 10.0\VC\bin\CL.exe /c /ZI /nologo /W3 /WX- /Od /Oy- /D WIN32 /D _DEBUG /D _CONSOLE /D _UNICODE /D UNICODE /Gm /EHsc /RTC1 /MDd /GS /fp:precise /Zc:wchar_t /Zc:forScope /Fo"Debug\\" /Fd"Debug\vc100.pdb" /Gd /TP /analyze- /errorReport:prompt Customer.cpp Townsend_KendallHW07.cpp
         Townsend_KendallHW07.cpp
     1>c:\users\kendall townsend\desktop\townsend_kendallhw07\townsend_kendallhw07.cpp(68): warning C4101: 'infilebalance' : unreferenced local variable
     1>c:\users\kendall townsend\desktop\townsend_kendallhw07\townsend_kendallhw07.cpp(67): warning C4101: 'infileid' : unreferenced local variable
         Customer.cpp
         Generating Code...
       ManifestResourceCompile:
         All outputs are up-to-date.
       Link:
         C:\Program Files (x86)\Microsoft Visual Studio 10.0\VC\bin\link.exe /ERRORREPORT:PROMPT /OUT:"C:\Users\Kendall Townsend\Desktop\Townsend_KendallHw07\Debug\Townsend_KendallHw07.exe" /INCREMENTAL /NOLOGO kernel32.lib user32.lib gdi32.lib winspool.lib comdlg32.lib advapi32.lib shell32.lib ole32.lib oleaut32.lib uuid.lib odbc32.lib odbccp32.lib /MANIFEST /ManifestFile:"Debug\Townsend_KendallHw07.exe.intermediate.manifest" /MANIFESTUAC:"level='asInvoker' uiAccess='false'" /DEBUG /PDB:"C:\Users\Kendall Townsend\Desktop\Townsend_KendallHw07\Debug\Townsend_KendallHw07.pdb" /SUBSYSTEM:CONSOLE /TLBID:1 /DYNAMICBASE /NXCOMPAT /IMPLIB:"C:\Users\Kendall Townsend\Desktop\Townsend_KendallHw07\Debug\Townsend_KendallHw07.lib" /MACHINE:X86 Debug\Townsend_KendallHw07.exe.embed.manifest.res
         Debug\Customer.obj
         Debug\Townsend_KendallHW07.obj
       Manifest:
         C:\Program Files (x86)\Microsoft SDKs\Windows\v7.0A\bin\mt.exe /nologo /verbose /out:"Debug\Townsend_KendallHw07.exe.embed.manifest" /manifest Debug\Townsend_KendallHw07.exe.intermediate.manifest
         All outputs are up-to-date.
       LinkEmbedManifest:
         All outputs are up-to-date.
         Townsend_KendallHw07.vcxproj -> C:\Users\Kendall Townsend\Desktop\Townsend_KendallHw07\Debug\Townsend_KendallHw07.exe
       FinalizeBuildStatus:
         Deleting file "Debug\Townsend_KendallHw07.unsuccessfulbuild".
         Touching "Debug\Townsend_KendallHw07.lastbuildstate".
     1>Done Building Project "C:\Users\Kendall Townsend\Desktop\Townsend_KendallHw07\Townsend_KendallHw07.vcxproj" (build target(s)).

Build succeeded.

Time Elapsed 00:00:02.55
