Build started 9/5/2012 5:58:39 PM.
     1>Project "C:\Users\Kendall Townsend\Desktop\Townsend_KendallProject1B\Townsend_KendallProject1B.vcxproj" on node 2 (build target(s)).
     1>InitializeBuildStatus:
         Creating "Debug\Townsend_KendallProject1B.unsuccessfulbuild" because "AlwaysCreate" was specified.
       ClCompile:
         C:\Program Files (x86)\Microsoft Visual Studio 10.0\VC\bin\CL.exe /c /ZI /nologo /W3 /WX- /Od /Oy- /D WIN32 /D _DEBUG /D _CONSOLE /D _UNICODE /D UNICODE /Gm /EHsc /RTC1 /MDd /GS /fp:precise /Zc:wchar_t /Zc:forScope /Fo"Debug\\" /Fd"Debug\vc100.pdb" /Gd /TP /analyze- /errorReport:prompt Townsend_KendallProject1B.cpp
         Townsend_KendallProject1B.cpp
     1>c:\users\kendall townsend\desktop\townsend_kendallproject1b\townsend_kendallproject1b.cpp(35): warning C4996: 'strcpy': This function or variable may be unsafe. Consider using strcpy_s instead. To disable deprecation, use _CRT_SECURE_NO_WARNINGS. See online help for details.
                 c:\program files (x86)\microsoft visual studio 10.0\vc\include\string.h(105) : see declaration of 'strcpy'
     1>c:\users\kendall townsend\desktop\townsend_kendallproject1b\townsend_kendallproject1b.cpp(38): warning C4996: 'strupr': The POSIX name for this item is deprecated. Instead, use the ISO C++ conformant name: _strupr. See online help for details.
                 c:\program files (x86)\microsoft visual studio 10.0\vc\include\string.h(252) : see declaration of 'strupr'
       ManifestResourceCompile:
         All outputs are up-to-date.
       Link:
         C:\Program Files (x86)\Microsoft Visual Studio 10.0\VC\bin\link.exe /ERRORREPORT:PROMPT /OUT:"C:\Users\Kendall Townsend\Desktop\Townsend_KendallProject1B\Debug\Townsend_KendallProject1B.exe" /INCREMENTAL /NOLOGO kernel32.lib user32.lib gdi32.lib winspool.lib comdlg32.lib advapi32.lib shell32.lib ole32.lib oleaut32.lib uuid.lib odbc32.lib odbccp32.lib /MANIFEST /ManifestFile:"Debug\Townsend_KendallProject1B.exe.intermediate.manifest" /MANIFESTUAC:"level='asInvoker' uiAccess='false'" /DEBUG /PDB:"C:\Users\Kendall Townsend\Desktop\Townsend_KendallProject1B\Debug\Townsend_KendallProject1B.pdb" /SUBSYSTEM:CONSOLE /TLBID:1 /DYNAMICBASE /NXCOMPAT /IMPLIB:"C:\Users\Kendall Townsend\Desktop\Townsend_KendallProject1B\Debug\Townsend_KendallProject1B.lib" /MACHINE:X86 Debug\Townsend_KendallProject1B.exe.embed.manifest.res
         Debug\Townsend_KendallProject1B.obj
       Manifest:
         C:\Program Files (x86)\Microsoft SDKs\Windows\v7.0A\bin\mt.exe /nologo /verbose /out:"Debug\Townsend_KendallProject1B.exe.embed.manifest" /manifest Debug\Townsend_KendallProject1B.exe.intermediate.manifest
         All outputs are up-to-date.
       LinkEmbedManifest:
         All outputs are up-to-date.
         Townsend_KendallProject1B.vcxproj -> C:\Users\Kendall Townsend\Desktop\Townsend_KendallProject1B\Debug\Townsend_KendallProject1B.exe
       FinalizeBuildStatus:
         Deleting file "Debug\Townsend_KendallProject1B.unsuccessfulbuild".
         Touching "Debug\Townsend_KendallProject1B.lastbuildstate".
     1>Done Building Project "C:\Users\Kendall Townsend\Desktop\Townsend_KendallProject1B\Townsend_KendallProject1B.vcxproj" (build target(s)).

Build succeeded.

Time Elapsed 00:00:02.29
