Build started 3/20/2012 10:36:37 PM.
     1>Project "C:\Users\kendallcar\Desktop\Townsend_KendallLab07\Townsend_KendallLab07.vcxproj" on node 2 (build target(s)).
     1>InitializeBuildStatus:
         Creating "Debug\Townsend_KendallLab07.unsuccessfulbuild" because "AlwaysCreate" was specified.
       ClCompile:
         c:\Program Files\Microsoft Visual Studio 10.0\VC\bin\CL.exe /c /ZI /nologo /W3 /WX- /Od /Oy- /D WIN32 /D _DEBUG /D _CONSOLE /D _UNICODE /D UNICODE /Gm /EHsc /RTC1 /MDd /GS /fp:precise /Zc:wchar_t /Zc:forScope /Fo"Debug\\" /Fd"Debug\vc100.pdb" /Gd /TP /analyze- /errorReport:prompt Townsend_KendallLab07.cpp
         Townsend_KendallLab07.cpp
     1>c:\users\kendallcar\desktop\townsend_kendalllab07\townsend_kendalllab07.cpp(51): warning C4390: ';' : empty controlled statement found; is this the intent?
     1>c:\users\kendallcar\desktop\townsend_kendalllab07\townsend_kendalllab07.cpp(280): warning C4101: 'valid' : unreferenced local variable
       ManifestResourceCompile:
         All outputs are up-to-date.
       Link:
         c:\Program Files\Microsoft Visual Studio 10.0\VC\bin\link.exe /ERRORREPORT:PROMPT /OUT:"C:\Users\kendallcar\Desktop\Townsend_KendallLab07\Debug\Townsend_KendallLab07.exe" /INCREMENTAL /NOLOGO kernel32.lib user32.lib gdi32.lib winspool.lib comdlg32.lib advapi32.lib shell32.lib ole32.lib oleaut32.lib uuid.lib odbc32.lib odbccp32.lib /MANIFEST /ManifestFile:"Debug\Townsend_KendallLab07.exe.intermediate.manifest" /MANIFESTUAC:"level='asInvoker' uiAccess='false'" /DEBUG /PDB:"C:\Users\kendallcar\Desktop\Townsend_KendallLab07\Debug\Townsend_KendallLab07.pdb" /SUBSYSTEM:CONSOLE /TLBID:1 /DYNAMICBASE /NXCOMPAT /IMPLIB:"C:\Users\kendallcar\Desktop\Townsend_KendallLab07\Debug\Townsend_KendallLab07.lib" /MACHINE:X86 Debug\Townsend_KendallLab07.exe.embed.manifest.res
         Debug\Townsend_KendallLab07.obj
       Manifest:
         C:\Program Files\Microsoft SDKs\Windows\v7.0A\bin\mt.exe /nologo /verbose /out:"Debug\Townsend_KendallLab07.exe.embed.manifest" /manifest Debug\Townsend_KendallLab07.exe.intermediate.manifest
         All outputs are up-to-date.
       LinkEmbedManifest:
         All outputs are up-to-date.
         Townsend_KendallLab07.vcxproj -> C:\Users\kendallcar\Desktop\Townsend_KendallLab07\Debug\Townsend_KendallLab07.exe
       FinalizeBuildStatus:
         Deleting file "Debug\Townsend_KendallLab07.unsuccessfulbuild".
         Touching "Debug\Townsend_KendallLab07.lastbuildstate".
     1>Done Building Project "C:\Users\kendallcar\Desktop\Townsend_KendallLab07\Townsend_KendallLab07.vcxproj" (build target(s)).

Build succeeded.

Time Elapsed 00:00:01.61
