Build started 9/26/2012 9:51:26 PM.
     1>Project "C:\Users\Kendall Townsend\Desktop\Townsed_KendallProject4_2\Townsed_KendallProject4_2.vcxproj" on node 2 (build target(s)).
     1>InitializeBuildStatus:
         Creating "Debug\Townsed_KendallProject4_2.unsuccessfulbuild" because "AlwaysCreate" was specified.
       ClCompile:
         C:\Program Files (x86)\Microsoft Visual Studio 10.0\VC\bin\CL.exe /c /ZI /nologo /W3 /WX- /Od /Oy- /D WIN32 /D _DEBUG /D _CONSOLE /D _UNICODE /D UNICODE /Gm /EHsc /RTC1 /MDd /GS /fp:precise /Zc:wchar_t /Zc:forScope /Fo"Debug\\" /Fd"Debug\vc100.pdb" /Gd /TP /analyze- /errorReport:prompt "Problem 2.cpp"
         Problem 2.cpp
     1>c:\users\kendall townsend\desktop\townsed_kendallproject4_2\problem 2.cpp(26): warning C4996: 'ctime': This function or variable may be unsafe. Consider using ctime_s instead. To disable deprecation, use _CRT_SECURE_NO_WARNINGS. See online help for details.
                 c:\program files (x86)\microsoft visual studio 10.0\vc\include\time.inl(86) : see declaration of 'ctime'
       ManifestResourceCompile:
         All outputs are up-to-date.
       Link:
         C:\Program Files (x86)\Microsoft Visual Studio 10.0\VC\bin\link.exe /ERRORREPORT:PROMPT /OUT:"C:\Users\Kendall Townsend\Desktop\Townsed_KendallProject4_2\Debug\Townsed_KendallProject4_2.exe" /INCREMENTAL /NOLOGO kernel32.lib user32.lib gdi32.lib winspool.lib comdlg32.lib advapi32.lib shell32.lib ole32.lib oleaut32.lib uuid.lib odbc32.lib odbccp32.lib /MANIFEST /ManifestFile:"Debug\Townsed_KendallProject4_2.exe.intermediate.manifest" /MANIFESTUAC:"level='asInvoker' uiAccess='false'" /DEBUG /PDB:"C:\Users\Kendall Townsend\Desktop\Townsed_KendallProject4_2\Debug\Townsed_KendallProject4_2.pdb" /SUBSYSTEM:CONSOLE /TLBID:1 /DYNAMICBASE /NXCOMPAT /IMPLIB:"C:\Users\Kendall Townsend\Desktop\Townsed_KendallProject4_2\Debug\Townsed_KendallProject4_2.lib" /MACHINE:X86 Debug\Townsed_KendallProject4_2.exe.embed.manifest.res
         "Debug\Problem 2.obj"
       Manifest:
         C:\Program Files (x86)\Microsoft SDKs\Windows\v7.0A\bin\mt.exe /nologo /verbose /out:"Debug\Townsed_KendallProject4_2.exe.embed.manifest" /manifest Debug\Townsed_KendallProject4_2.exe.intermediate.manifest
         All outputs are up-to-date.
       LinkEmbedManifest:
         All outputs are up-to-date.
         Townsed_KendallProject4_2.vcxproj -> C:\Users\Kendall Townsend\Desktop\Townsed_KendallProject4_2\Debug\Townsed_KendallProject4_2.exe
       FinalizeBuildStatus:
         Deleting file "Debug\Townsed_KendallProject4_2.unsuccessfulbuild".
         Touching "Debug\Townsed_KendallProject4_2.lastbuildstate".
     1>Done Building Project "C:\Users\Kendall Townsend\Desktop\Townsed_KendallProject4_2\Townsed_KendallProject4_2.vcxproj" (build target(s)).

Build succeeded.

Time Elapsed 00:00:02.12
