Build started 4/10/2012 9:41:39 PM.
     1>Project "C:\Users\kendallcar\Desktop\Townsend_KendallLab09\Townsend_KendallLab09.vcxproj" on node 2 (build target(s)).
     1>InitializeBuildStatus:
         Creating "Debug\Townsend_KendallLab09.unsuccessfulbuild" because "AlwaysCreate" was specified.
       ClCompile:
         c:\Program Files\Microsoft Visual Studio 10.0\VC\bin\CL.exe /c /ZI /nologo /W3 /WX- /Od /Oy- /D WIN32 /D _DEBUG /D _CONSOLE /D _UNICODE /D UNICODE /Gm /EHsc /RTC1 /MDd /GS /fp:precise /Zc:wchar_t /Zc:forScope /Fo"Debug\\" /Fd"Debug\vc100.pdb" /Gd /TP /analyze- /errorReport:prompt Townsend_KendallLab09.cpp
         Townsend_KendallLab09.cpp
     1>c:\users\kendallcar\desktop\townsend_kendalllab09\townsend_kendalllab09.cpp(52): warning C4996: 'strcpy': This function or variable may be unsafe. Consider using strcpy_s instead. To disable deprecation, use _CRT_SECURE_NO_WARNINGS. See online help for details.
                 c:\program files\microsoft visual studio 10.0\vc\include\string.h(105) : see declaration of 'strcpy'
     1>c:\users\kendallcar\desktop\townsend_kendalllab09\townsend_kendalllab09.cpp(53): warning C4996: 'strcat': This function or variable may be unsafe. Consider using strcat_s instead. To disable deprecation, use _CRT_SECURE_NO_WARNINGS. See online help for details.
                 c:\program files\microsoft visual studio 10.0\vc\include\string.h(110) : see declaration of 'strcat'
     1>c:\users\kendallcar\desktop\townsend_kendalllab09\townsend_kendalllab09.cpp(54): warning C4996: 'strcat': This function or variable may be unsafe. Consider using strcat_s instead. To disable deprecation, use _CRT_SECURE_NO_WARNINGS. See online help for details.
                 c:\program files\microsoft visual studio 10.0\vc\include\string.h(110) : see declaration of 'strcat'
     1>c:\users\kendallcar\desktop\townsend_kendalllab09\townsend_kendalllab09.cpp(38): warning C4101: 'len' : unreferenced local variable
     1>c:\users\kendallcar\desktop\townsend_kendalllab09\townsend_kendalllab09.cpp(37): warning C4101: 'fixName' : unreferenced local variable
     1>c:\users\kendallcar\desktop\townsend_kendalllab09\townsend_kendalllab09.cpp(118): warning C4101: 'a' : unreferenced local variable
       ManifestResourceCompile:
         All outputs are up-to-date.
       Link:
         c:\Program Files\Microsoft Visual Studio 10.0\VC\bin\link.exe /ERRORREPORT:PROMPT /OUT:"C:\Users\kendallcar\Desktop\Townsend_KendallLab09\Debug\Townsend_KendallLab09.exe" /INCREMENTAL /NOLOGO kernel32.lib user32.lib gdi32.lib winspool.lib comdlg32.lib advapi32.lib shell32.lib ole32.lib oleaut32.lib uuid.lib odbc32.lib odbccp32.lib /MANIFEST /ManifestFile:"Debug\Townsend_KendallLab09.exe.intermediate.manifest" /MANIFESTUAC:"level='asInvoker' uiAccess='false'" /DEBUG /PDB:"C:\Users\kendallcar\Desktop\Townsend_KendallLab09\Debug\Townsend_KendallLab09.pdb" /SUBSYSTEM:CONSOLE /TLBID:1 /DYNAMICBASE /NXCOMPAT /IMPLIB:"C:\Users\kendallcar\Desktop\Townsend_KendallLab09\Debug\Townsend_KendallLab09.lib" /MACHINE:X86 Debug\Townsend_KendallLab09.exe.embed.manifest.res
         Debug\Townsend_KendallLab09.obj
       Manifest:
         C:\Program Files\Microsoft SDKs\Windows\v7.0A\bin\mt.exe /nologo /verbose /out:"Debug\Townsend_KendallLab09.exe.embed.manifest" /manifest Debug\Townsend_KendallLab09.exe.intermediate.manifest
         All outputs are up-to-date.
       LinkEmbedManifest:
         All outputs are up-to-date.
         Townsend_KendallLab09.vcxproj -> C:\Users\kendallcar\Desktop\Townsend_KendallLab09\Debug\Townsend_KendallLab09.exe
       FinalizeBuildStatus:
         Deleting file "Debug\Townsend_KendallLab09.unsuccessfulbuild".
         Touching "Debug\Townsend_KendallLab09.lastbuildstate".
     1>Done Building Project "C:\Users\kendallcar\Desktop\Townsend_KendallLab09\Townsend_KendallLab09.vcxproj" (build target(s)).

Build succeeded.

Time Elapsed 00:00:01.30
