Build started 9/5/2012 3:50:01 PM.
     1>Project "C:\Users\Kendall Townsend\Desktop\Townsend_KendallProject01\Townsend_KendallProject01.vcxproj" on node 2 (build target(s)).
     1>InitializeBuildStatus:
         Creating "Debug\Townsend_KendallProject01.unsuccessfulbuild" because "AlwaysCreate" was specified.
       ClCompile:
         C:\Program Files (x86)\Microsoft Visual Studio 10.0\VC\bin\CL.exe /c /ZI /nologo /W3 /WX- /Od /Oy- /D WIN32 /D _DEBUG /D _CONSOLE /D _UNICODE /D UNICODE /Gm /EHsc /RTC1 /MDd /GS /fp:precise /Zc:wchar_t /Zc:forScope /Fo"Debug\\" /Fd"Debug\vc100.pdb" /Gd /TP /analyze- /errorReport:prompt Townsen_KendallProject01.cpp
         Townsen_KendallProject01.cpp
       ManifestResourceCompile:
         All outputs are up-to-date.
       Link:
         C:\Program Files (x86)\Microsoft Visual Studio 10.0\VC\bin\link.exe /ERRORREPORT:PROMPT /OUT:"C:\Users\Kendall Townsend\Desktop\Townsend_KendallProject01\Debug\Townsend_KendallProject01.exe" /INCREMENTAL /NOLOGO kernel32.lib user32.lib gdi32.lib winspool.lib comdlg32.lib advapi32.lib shell32.lib ole32.lib oleaut32.lib uuid.lib odbc32.lib odbccp32.lib /MANIFEST /ManifestFile:"Debug\Townsend_KendallProject01.exe.intermediate.manifest" /MANIFESTUAC:"level='asInvoker' uiAccess='false'" /DEBUG /PDB:"C:\Users\Kendall Townsend\Desktop\Townsend_KendallProject01\Debug\Townsend_KendallProject01.pdb" /SUBSYSTEM:CONSOLE /TLBID:1 /DYNAMICBASE /NXCOMPAT /IMPLIB:"C:\Users\Kendall Townsend\Desktop\Townsend_KendallProject01\Debug\Townsend_KendallProject01.lib" /MACHINE:X86 Debug\Townsend_KendallProject01.exe.embed.manifest.res
         Debug\Townsen_KendallProject01.obj
       Manifest:
         C:\Program Files (x86)\Microsoft SDKs\Windows\v7.0A\bin\mt.exe /nologo /verbose /out:"Debug\Townsend_KendallProject01.exe.embed.manifest" /manifest Debug\Townsend_KendallProject01.exe.intermediate.manifest
         All outputs are up-to-date.
       LinkEmbedManifest:
         All outputs are up-to-date.
         Townsend_KendallProject01.vcxproj -> C:\Users\Kendall Townsend\Desktop\Townsend_KendallProject01\Debug\Townsend_KendallProject01.exe
       FinalizeBuildStatus:
         Deleting file "Debug\Townsend_KendallProject01.unsuccessfulbuild".
         Touching "Debug\Townsend_KendallProject01.lastbuildstate".
     1>Done Building Project "C:\Users\Kendall Townsend\Desktop\Townsend_KendallProject01\Townsend_KendallProject01.vcxproj" (build target(s)).

Build succeeded.

Time Elapsed 00:00:01.87
