Build started 11/14/2012 8:05:38 PM.
     1>Project "C:\Users\Kendall Townsend\Desktop\CPSC\Townsend_KendallHW05\Townsend_KendallHW05.vcxproj" on node 2 (build target(s)).
     1>InitializeBuildStatus:
         Creating "Debug\Townsend_KendallHW05.unsuccessfulbuild" because "AlwaysCreate" was specified.
       ClCompile:
         C:\Program Files (x86)\Microsoft Visual Studio 10.0\VC\bin\CL.exe /c /ZI /nologo /W3 /WX- /Od /Oy- /D WIN32 /D _DEBUG /D _CONSOLE /D _UNICODE /D UNICODE /Gm /EHsc /RTC1 /MDd /GS /fp:precise /Zc:wchar_t /Zc:forScope /Fo"Debug\\" /Fd"Debug\vc100.pdb" /Gd /TP /analyze- /errorReport:prompt Townsend_KendallHW05.cpp
         Townsend_KendallHW05.cpp
       ManifestResourceCompile:
         C:\Program Files (x86)\Microsoft SDKs\Windows\v7.0A\bin\rc.exe /nologo /fo"Debug\Townsend_KendallHW05.exe.embed.manifest.res" Debug\Townsend_KendallHW05_manifest.rc 
       Link:
         C:\Program Files (x86)\Microsoft Visual Studio 10.0\VC\bin\link.exe /ERRORREPORT:PROMPT /OUT:"C:\Users\Kendall Townsend\Desktop\CPSC\Townsend_KendallHW05\Debug\Townsend_KendallHW05.exe" /INCREMENTAL /NOLOGO kernel32.lib user32.lib gdi32.lib winspool.lib comdlg32.lib advapi32.lib shell32.lib ole32.lib oleaut32.lib uuid.lib odbc32.lib odbccp32.lib /MANIFEST /ManifestFile:"Debug\Townsend_KendallHW05.exe.intermediate.manifest" /MANIFESTUAC:"level='asInvoker' uiAccess='false'" /DEBUG /PDB:"C:\Users\Kendall Townsend\Desktop\CPSC\Townsend_KendallHW05\Debug\Townsend_KendallHW05.pdb" /SUBSYSTEM:CONSOLE /TLBID:1 /DYNAMICBASE /NXCOMPAT /IMPLIB:"C:\Users\Kendall Townsend\Desktop\CPSC\Townsend_KendallHW05\Debug\Townsend_KendallHW05.lib" /MACHINE:X86 Debug\Townsend_KendallHW05.exe.embed.manifest.res
         Debug\Townsend_KendallHW05.obj
       Manifest:
         C:\Program Files (x86)\Microsoft SDKs\Windows\v7.0A\bin\mt.exe /nologo /verbose /out:"Debug\Townsend_KendallHW05.exe.embed.manifest" /manifest Debug\Townsend_KendallHW05.exe.intermediate.manifest
         C:\Program Files (x86)\Microsoft SDKs\Windows\v7.0A\bin\rc.exe /nologo /fo"Debug\Townsend_KendallHW05.exe.embed.manifest.res" Debug\Townsend_KendallHW05_manifest.rc 
       LinkEmbedManifest:
         C:\Program Files (x86)\Microsoft Visual Studio 10.0\VC\bin\link.exe /ERRORREPORT:PROMPT /OUT:"C:\Users\Kendall Townsend\Desktop\CPSC\Townsend_KendallHW05\Debug\Townsend_KendallHW05.exe" /INCREMENTAL /NOLOGO kernel32.lib user32.lib gdi32.lib winspool.lib comdlg32.lib advapi32.lib shell32.lib ole32.lib oleaut32.lib uuid.lib odbc32.lib odbccp32.lib /MANIFEST /ManifestFile:"Debug\Townsend_KendallHW05.exe.intermediate.manifest" /MANIFESTUAC:"level='asInvoker' uiAccess='false'" /DEBUG /PDB:"C:\Users\Kendall Townsend\Desktop\CPSC\Townsend_KendallHW05\Debug\Townsend_KendallHW05.pdb" /SUBSYSTEM:CONSOLE /TLBID:1 /DYNAMICBASE /NXCOMPAT /IMPLIB:"C:\Users\Kendall Townsend\Desktop\CPSC\Townsend_KendallHW05\Debug\Townsend_KendallHW05.lib" /MACHINE:X86 Debug\Townsend_KendallHW05.exe.embed.manifest.res
         Debug\Townsend_KendallHW05.obj
         Townsend_KendallHW05.vcxproj -> C:\Users\Kendall Townsend\Desktop\CPSC\Townsend_KendallHW05\Debug\Townsend_KendallHW05.exe
       FinalizeBuildStatus:
         Deleting file "Debug\Townsend_KendallHW05.unsuccessfulbuild".
         Touching "Debug\Townsend_KendallHW05.lastbuildstate".
     1>Done Building Project "C:\Users\Kendall Townsend\Desktop\CPSC\Townsend_KendallHW05\Townsend_KendallHW05.vcxproj" (build target(s)).

Build succeeded.

Time Elapsed 00:00:06.16
